#
# A fatal error has been detected by the Java Runtime Environment:
#
#  EXCEPTION_ACCESS_VIOLATION (0xc0000005) at pc=0x000000006ee76520, pid=5900, tid=5956
#
# JRE version: 6.0_37-b06
# Java VM: Java HotSpot(TM) 64-Bit Server VM (20.12-b01 mixed mode windows-amd64 compressed oops)
# Problematic frame:
# C  [xuggle6562349344875574598.dll+0x736520]
#
# If you would like to submit a bug report, please visit:
#   http://java.sun.com/webapps/bugreport/crash.jsp
# The crash happened outside the Java Virtual Machine in native code.
# See problematic frame for where to report the bug.
#

---------------  T H R E A D  ---------------

Current thread (0x000000000002b800):  JavaThread "main" [_thread_in_native, id=5956, stack(0x0000000002170000,0x0000000002270000)]

siginfo: ExceptionCode=0xc0000005, reading address 0xffffffffffffffff

Registers:
RAX=0x0000000006fa7910, RBX=0x00000000079d0120, RCX=0x0000000006fa7910, RDX=0x0000000000000009
RSP=0x000000000226e670, RBP=0x0000000006fa7050, RSI=0x0000000006fa8910, RDI=0x0000000000000004
R8 =0x000000006ee77580, R9 =0x000000006ee76490, R10=0x00000000067d9980, R11=0x0000000007a3ea30
R12=0x0000000007a3f230, R13=0x0000000000000004, R14=0x0000000000000184, R15=0x000000006fab8f20
RIP=0x000000006ee76520, EFLAGS=0x0000000000010202

Top of Stack: (sp=0x000000000226e670)
0x000000000226e670:   000000006ee76665 000000006ee774c5
0x000000000226e680:   000000006ee77505 000000006ee77545
0x000000000226e690:   000000006ee77585 000000006ee79426
0x000000000226e6a0:   000000006fa67a80 0000000006fa7910
0x000000000226e6b0:   00000000079d25e0 00000000071367f0
0x000000000226e6c0:   3fe0000000000000 0000000000000000
0x000000000226e6d0:   40c7760000000000 0000000000000000
0x000000000226e6e0:   3fe0000000000000 0000000000000001
0x000000000226e6f0:   00000000079d35e0 000000006ea45d24
0x000000000226e700:   3f40624dd2f1a9fc 0000000000000000
0x000000000226e710:   0000000000000000 0000000000000000
0x000000000226e720:   0000000000000000 0000000000000000
0x000000000226e730:   00000000079dc4e0 000000006fab7320
0x000000000226e740:   0000000000000000 00000000079d0080
0x000000000226e750:   0000000000000001 0000000006fa7050
0x000000000226e760:   0000000006fa70d0 0000000000000000 

Instructions: (pc=0x000000006ee76520)
0x000000006ee76500:   c4 e3 5d 0c c0 55 c5 e4 5c c8 c5 e4 58 c0 c5 fc
0x000000006ee76510:   29 01 c5 fc 29 49 20 c3 0f 1f 84 00 00 00 00 00
0x000000006ee76520:   c5 fc 28 51 40 c5 fc 28 59 60 c5 ec 5c fb c5 ec
0x000000006ee76530:   58 d3 c5 c4 57 3d 26 41 84 00 c5 ec c6 df be c5 


Register to memory mapping:

RAX=0x0000000006fa7910 is an unknown value
RBX=0x00000000079d0120 is an unknown value
RCX=0x0000000006fa7910 is an unknown value
RDX=0x0000000000000009 is an unknown value
RSP=0x000000000226e670 is pointing into the stack for thread: 0x000000000002b800
RBP=0x0000000006fa7050 is an unknown value
RSI=0x0000000006fa8910 is an unknown value
RDI=0x0000000000000004 is an unknown value
R8 =0x000000006ee77580 is an unknown value
R9 =0x000000006ee76490 is an unknown value
R10=0x00000000067d9980 is an unknown value
R11=0x0000000007a3ea30 is an unknown value
R12=0x0000000007a3f230 is an unknown value
R13=0x0000000000000004 is an unknown value
R14=0x0000000000000184 is an unknown value
R15=0x000000006fab8f20 is an unknown value


Stack: [0x0000000002170000,0x0000000002270000],  sp=0x000000000226e670,  free space=1017k
Native frames: (J=compiled Java code, j=interpreted, Vv=VM code, C=native code)
C  [xuggle6562349344875574598.dll+0x736520]  Java_com_xuggle_ferry_FerryJNI_SWIGRefCountedTesterUpcast+0x66f005

Java frames: (J=compiled Java code, j=interpreted, Vv=VM code)
j  com.xuggle.xuggler.XugglerJNI.IContainer_open__SWIG_0(JLcom/xuggle/xuggler/IContainer;Ljava/lang/String;IJLcom/xuggle/xuggler/IContainerFormat;)I+0
j  com.xuggle.xuggler.IContainer.open(Ljava/lang/String;Lcom/xuggle/xuggler/IContainer$Type;Lcom/xuggle/xuggler/IContainerFormat;)I+15
j  com.hkmci.ffmpeg.ConvertVideo.main([Ljava/lang/String;)V+28
v  ~StubRoutines::call_stub

---------------  P R O C E S S  ---------------

Java Threads: ( => current thread )
  0x00000000066b1800 JavaThread "Low Memory Detector" daemon [_thread_blocked, id=6008, stack(0x0000000006c50000,0x0000000006d50000)]
  0x00000000066b0800 JavaThread "C2 CompilerThread1" daemon [_thread_blocked, id=6004, stack(0x0000000006b50000,0x0000000006c50000)]
  0x00000000066ab800 JavaThread "C2 CompilerThread0" daemon [_thread_blocked, id=6000, stack(0x0000000006a50000,0x0000000006b50000)]
  0x00000000066ab000 JavaThread "Attach Listener" daemon [_thread_blocked, id=5996, stack(0x0000000006950000,0x0000000006a50000)]
  0x0000000006660800 JavaThread "Signal Dispatcher" daemon [_thread_blocked, id=5992, stack(0x0000000006850000,0x0000000006950000)]
  0x0000000000526000 JavaThread "Finalizer" daemon [_thread_blocked, id=5984, stack(0x0000000006550000,0x0000000006650000)]
  0x0000000000525000 JavaThread "Reference Handler" daemon [_thread_blocked, id=5980, stack(0x0000000006450000,0x0000000006550000)]
=>0x000000000002b800 JavaThread "main" [_thread_in_native, id=5956, stack(0x0000000002170000,0x0000000002270000)]

Other Threads:
  0x000000000051e800 VMThread [stack: 0x0000000006350000,0x0000000006450000] [id=5976]
  0x00000000066c5000 WatcherThread [stack: 0x0000000006d50000,0x0000000006e50000] [id=6012]

VM state:not at safepoint (normal execution)

VM Mutex/Monitor currently owned by a thread: None

Heap
 PSYoungGen      total 37760K, used 3253K [0x00000007d5d60000, 0x00000007d8780000, 0x0000000800000000)
  eden space 32384K, 10% used [0x00000007d5d60000,0x00000007d608d710,0x00000007d7d00000)
  from space 5376K, 0% used [0x00000007d8240000,0x00000007d8240000,0x00000007d8780000)
  to   space 5376K, 0% used [0x00000007d7d00000,0x00000007d7d00000,0x00000007d8240000)
 PSOldGen        total 86400K, used 0K [0x0000000781800000, 0x0000000786c60000, 0x00000007d5d60000)
  object space 86400K, 0% used [0x0000000781800000,0x0000000781800000,0x0000000786c60000)
 PSPermGen       total 21248K, used 4753K [0x000000077c600000, 0x000000077dac0000, 0x0000000781800000)
  object space 21248K, 22% used [0x000000077c600000,0x000000077caa4668,0x000000077dac0000)

Code Cache  [0x0000000002270000, 0x00000000024e0000, 0x0000000005270000)
 total_blobs=243 nmethods=11 adapters=186 free_code_cache=49888896 largest_free_block=13248

Dynamic libraries:
0x0000000000400000 - 0x000000000042f000 	C:\programs\Java\jdk1.6.0_37\bin\javaw.exe
0x00000000771c0000 - 0x0000000077369000 	C:\Windows\SYSTEM32\ntdll.dll
0x0000000076cf0000 - 0x0000000076e0f000 	C:\Windows\system32\kernel32.dll
0x000007fefd6d0000 - 0x000007fefd73c000 	C:\Windows\system32\KERNELBASE.dll
0x000007fefdd50000 - 0x000007fefde2b000 	C:\Windows\system32\ADVAPI32.dll
0x000007fefe060000 - 0x000007fefe0ff000 	C:\Windows\system32\msvcrt.dll
0x000007fefe100000 - 0x000007fefe11f000 	C:\Windows\SYSTEM32\sechost.dll
0x000007feff390000 - 0x000007feff4bd000 	C:\Windows\system32\RPCRT4.dll
0x0000000076f70000 - 0x000000007706a000 	C:\Windows\system32\USER32.dll
0x000007fefe510000 - 0x000007fefe577000 	C:\Windows\system32\GDI32.dll
0x000007feff4c0000 - 0x000007feff4ce000 	C:\Windows\system32\LPK.dll
0x000007fefde30000 - 0x000007fefdef9000 	C:\Windows\system32\USP10.dll
0x000007fefda00000 - 0x000007fefda2e000 	C:\Windows\system32\IMM32.DLL
0x000007fefdc40000 - 0x000007fefdd49000 	C:\Windows\system32\MSCTF.dll
0x000007fefd5d0000 - 0x000007fefd614000 	C:\Windows\system32\nvinitx.dll
0x000000006d8b0000 - 0x000000006e06b000 	C:\programs\Java\jdk1.6.0_37\jre\bin\server\jvm.dll
0x000007fefb4f0000 - 0x000007fefb52b000 	C:\Windows\system32\WINMM.dll
0x000000006d820000 - 0x000000006d82e000 	C:\programs\Java\jdk1.6.0_37\jre\bin\verify.dll
0x000000006d450000 - 0x000000006d477000 	C:\programs\Java\jdk1.6.0_37\jre\bin\java.dll
0x000000006d870000 - 0x000000006d882000 	C:\programs\Java\jdk1.6.0_37\jre\bin\zip.dll
0x000007fefcea0000 - 0x000007fefceb7000 	C:\Windows\system32\CRYPTSP.dll
0x000007fefcba0000 - 0x000007fefcbe7000 	C:\Windows\system32\rsaenh.dll
0x000007fefc740000 - 0x000007fefc75e000 	C:\Windows\system32\USERENV.dll
0x000007fefd620000 - 0x000007fefd62f000 	C:\Windows\system32\profapi.dll
0x000007fefd500000 - 0x000007fefd50f000 	C:\Windows\system32\CRYPTBASE.dll
0x000000006d6b0000 - 0x000000006d6c7000 	C:\programs\Java\jdk1.6.0_37\jre\bin\net.dll
0x000007fefdad0000 - 0x000007fefdb1d000 	C:\Windows\system32\WS2_32.dll
0x000007fefd9f0000 - 0x000007fefd9f8000 	C:\Windows\system32\NSI.dll
0x000007fefce40000 - 0x000007fefce95000 	C:\Windows\system32\mswsock.dll
0x000007fefce30000 - 0x000007fefce37000 	C:\Windows\System32\wship6.dll
0x000007fefb4d0000 - 0x000007fefb4e5000 	C:\Windows\system32\NLAapi.dll
0x000007fef84f0000 - 0x000007fef8505000 	C:\Windows\system32\napinsp.dll
0x000007fef8350000 - 0x000007fef8369000 	C:\Windows\system32\pnrpnsp.dll
0x000007fefccc0000 - 0x000007fefcd1b000 	C:\Windows\system32\DNSAPI.dll
0x000007fef82e0000 - 0x000007fef82eb000 	C:\Windows\System32\winrnr.dll
0x000007fef82d0000 - 0x000007fef82e0000 	C:\Windows\system32\wshbth.dll
0x000007fef82a0000 - 0x000007fef82ce000 	C:\Program Files\Common Files\Microsoft Shared\Windows Live\WLIDNSP.DLL
0x0000000077390000 - 0x0000000077397000 	C:\Windows\system32\PSAPI.DLL
0x000007fefdfe0000 - 0x000007fefe051000 	C:\Windows\system32\SHLWAPI.dll
0x000007fefc600000 - 0x000007fefc607000 	C:\Windows\System32\wshtcpip.dll
0x000007fefb1b0000 - 0x000007fefb1d7000 	C:\Windows\system32\IPHLPAPI.DLL
0x000007fefb1a0000 - 0x000007fefb1ab000 	C:\Windows\system32\WINNSI.DLL
0x000007fef7fd0000 - 0x000007fef7fd8000 	C:\Windows\system32\rasadhlp.dll
0x000007fefafa0000 - 0x000007fefaff3000 	C:\Windows\System32\fwpuclnt.dll
0x000000006e740000 - 0x000000006fda5000 	C:\Users\Helic\AppData\Local\Temp\xuggle\xuggle6562349344875574598.dll
0x000007fee7350000 - 0x000007fee7367000 	C:\Windows\system32\AVICAP32.dll
0x000007fefc530000 - 0x000007fefc53c000 	C:\Windows\system32\VERSION.dll
0x000007fee7320000 - 0x000007fee7349000 	C:\Windows\system32\MSVFW32.dll
0x000007fefe600000 - 0x000007feff388000 	C:\Windows\system32\SHELL32.dll
0x000007fefbea0000 - 0x000007fefc094000 	C:\Windows\WinSxS\amd64_microsoft.windows.common-controls_6595b64144ccf1df_6.0.7601.17514_none_fa396087175ac9ac\COMCTL32.dll
0x000007fefe300000 - 0x000007fefe503000 	C:\Windows\system32\ole32.dll

VM Arguments:
jvm_args: -Dfile.encoding=MS950_HKSCS 
java_command: com.hkmci.ffmpeg.ConvertVideo C:\Projects\simpson.mp4 C:\Projects\
Launcher Type: SUN_STANDARD

Environment Variables:
JAVA_HOME=C:\programs\Java\jdk1.6.0_37
CLASSPATH=.;.;C:\programs\JMF21~1.1E\lib\sound.jar;C:\programs\JMF21~1.1E\lib\jmf.jar;C:\programs\JMF21~1.1E\lib;
PATH=C:\Program Files\Common Files\Microsoft Shared\Windows Live;C:\Program Files (x86)\Common Files\Microsoft Shared\Windows Live;C:\Program Files (x86)\NVIDIA Corporation\PhysX\Common;C:\Program Files (x86)\Intel\iCLS Client\;C:\Program Files\Intel\iCLS Client\;C:\Windows\system32;C:\Windows;C:\Windows\System32\Wbem;C:\Windows\System32\WindowsPowerShell\v1.0\;C:\Program Files\Intel\Intel(R) Management Engine Components\DAL;C:\Program Files\Intel\Intel(R) Management Engine Components\IPT;C:\programs\Java\jdk1.5.0_14\bin;C:\Program Files (x86)\Intel\Intel(R) Management Engine Components\DAL;C:\Program Files (x86)\Intel\Intel(R) Management Engine Components\IPT;C:\Program Files (x86)\Intel\OpenCL SDK\2.0\bin\x86;C:\Program Files (x86)\Intel\OpenCL SDK\2.0\bin\x64;C:\Program Files (x86)\Windows Live\Shared;C:\Program Files\SourceGear\Common\DiffMerge\;C:\Program Files\MySQL\MySQL Server 5.5\bin;C:\programs\MinGW\bin;C:\Program Files (x86)\Google\Google Apps Migration\;C:\Program Files\Google\Google Apps Password Sync\
USERNAME=Helic
OS=Windows_NT
PROCESSOR_IDENTIFIER=Intel64 Family 6 Model 58 Stepping 9, GenuineIntel



---------------  S Y S T E M  ---------------

OS: Windows 7 , 64 bit Build 7601 Service Pack 1

CPU:total 4 (2 cores per cpu, 2 threads per core) family 6 model 58 stepping 9, cmov, cx8, fxsr, mmx, sse, sse2, sse3, ssse3, sse4.1, sse4.2, popcnt, ht

Memory: 4k page, physical 8288620k(6063984k free), swap 16575388k(13672612k free)

vm_info: Java HotSpot(TM) 64-Bit Server VM (20.12-b01) for windows-amd64 JRE (1.6.0_37-b06), built on Sep 24 2012 11:45:14 by "java_re" with MS VC++ 8.0 (VS2005)

time: Tue Nov 27 10:53:35 2012
elapsed time: 4 seconds

